<?xml version="1.0" encoding="UTF-8" ?>
<testsuite errors="0" failures="0" hostname="WIN-SH6BKF1BS8O" name="aob.mc.demo.LeanFtTest" skipped="0" tests="2" time="35.697" timestamp="2016-03-10T05:50:35">
  <properties>
    <property name="ant.project.invoked-targets" value="main" />
    <property name="java.runtime.name" value="Java(TM) SE Runtime Environment" />
    <property name="sun.boot.library.path" value="C:\Program Files\Java\jre7\bin" />
    <property name="java.vm.version" value="24.79-b02" />
    <property name="ant.library.dir" value="C:\eclipse\eclipse\plugins\org.apache.ant_1.9.4.v201504302020\lib" />
    <property name="ant.version" value="Apache Ant(TM) version 1.9.4 compiled on April 29 2014" />
    <property name="ant.java.version" value="1.7" />
    <property name="java.vm.vendor" value="Oracle Corporation" />
    <property name="java.vendor.url" value="http://java.oracle.com/" />
    <property name="path.separator" value=";" />
    <property name="java.vm.name" value="Java HotSpot(TM) 64-Bit Server VM" />
    <property name="file.encoding.pkg" value="sun.io" />
    <property name="user.script" value="" />
    <property name="user.country" value="US" />
    <property name="sun.java.launcher" value="SUN_STANDARD" />
    <property name="sun.os.patch.level" value="" />
    <property name="java.vm.specification.name" value="Java Virtual Machine Specification" />
    <property name="user.dir" value="C:\Users\droukman\git\LeanFT_MC_CI_Demo\AOB_MC_Demo" />
    <property name="java.runtime.version" value="1.7.0_79-b15" />
    <property name="app.dir" value="C:\Users\droukman\git\LeanFT_MC_CI_Demo\AOB_MC_Demo\appmodels" />
    <property name="java.awt.graphicsenv" value="sun.awt.Win32GraphicsEnvironment" />
    <property name="basedir" value="C:\Users\droukman\git\LeanFT_MC_CI_Demo\AOB_MC_Demo" />
    <property name="java.endorsed.dirs" value="C:\Program Files\Java\jre7\lib\endorsed" />
    <property name="os.arch" value="amd64" />
    <property name="ant.file.type.JUNIT" value="file" />
    <property name="ant.project.default-target" value="main" />
    <property name="java.io.tmpdir" value="C:\Users\droukman\AppData\Local\Temp\" />
    <property name="ant.core.lib" value="C:\eclipse\eclipse\plugins\org.apache.ant_1.9.4.v201504302020\lib\ant.jar" />
    <property name="line.separator" value="&#xd;&#xa;" />
    <property name="java.vm.specification.vendor" value="Oracle Corporation" />
    <property name="user.variant" value="" />
    <property name="os.name" value="Windows 8.1" />
    <property name="ant.home" value="C:\eclipse\eclipse\plugins\org.apache.ant_1.9.4.v201504302020" />
    <property name="build.dir" value="C:\Users\droukman\git\LeanFT_MC_CI_Demo\AOB_MC_Demo\bin" />
    <property name="ant.project.name" value="JUNIT" />
    <property name="sun.jnu.encoding" value="Cp1252" />
    <property name="java.library.path" value="C:\Program Files\Java\jre7\bin;C:\Windows\Sun\Java\bin;C:\Windows\system32;C:\Windows;C:\Windows\system32;C:\Windows;C:\Windows\System32\Wbem;C:\Windows\System32\WindowsPowerShell\v1.0\;c:\Program Files (x86)\Microsoft SQL Server\100\Tools\Binn\;c:\Program Files (x86)\Microsoft SQL Server\100\DTS\Binn\;C:\Windows\system32\config\systemprofile\.dnx\bin;C:\Program Files\Microsoft DNX\Dnvm\;C:\Program Files\Microsoft SQL Server\120\Tools\Binn\;C:\Program Files (x86)\HP\Unified Functional Testing\bin;C:\Program Files\Git\bin;C:\Program Files (x86)\HP\Sprinter\bin;C:\Program Files (x86)\HP\Unified Functional Testing\\bin64;." />
    <property name="java.specification.name" value="Java Platform API Specification" />
    <property name="java.class.version" value="51.0" />
    <property name="test.report.dir" value="C:\Users\droukman\git\LeanFT_MC_CI_Demo\AOB_MC_Demo\RunResults" />
    <property name="sun.management.compiler" value="HotSpot 64-Bit Tiered Compilers" />
    <property name="os.version" value="6.3" />
    <property name="ant.file" value="C:\Users\droukman\git\LeanFT_MC_CI_Demo\AOB_MC_Demo\build.xml" />
    <property name="user.home" value="C:\Users\droukman" />
    <property name="user.timezone" value="" />
    <property name="java.awt.printerjob" value="sun.awt.windows.WPrinterJob" />
    <property name="java.specification.version" value="1.7" />
    <property name="file.encoding" value="Cp1252" />
    <property name="user.name" value="droukman" />
    <property name="java.class.path" value="C:\Users\droukman\git\LeanFT_MC_CI_Demo\AOB_MC_Demo\lib\junit.jar;C:\Users\droukman\git\LeanFT_MC_CI_Demo\AOB_MC_Demo\lib\org.hamcrest.core_1.3.0.v201303031735.jar;C:\Users\droukman\git\LeanFT_MC_CI_Demo\AOB_MC_Demo\lib\com.hp.lft.report-12.52.0.jar;C:\Users\droukman\git\LeanFT_MC_CI_Demo\AOB_MC_Demo\lib\com.hp.lft.sdk-12.52.0-standalone.jar;C:\Users\droukman\git\LeanFT_MC_CI_Demo\AOB_MC_Demo\lib\com.hp.lft.unittesting-12.52.0.jar;C:\Users\droukman\git\LeanFT_MC_CI_Demo\AOB_MC_Demo\lib\com.hp.lft.verifications-12.52.0.jar;C:\Users\droukman\git\LeanFT_MC_CI_Demo\AOB_MC_Demo\lib\tools.jar;C:\Users\droukman\git\LeanFT_MC_CI_Demo\AOB_MC_Demo\bin;C:\eclipse\eclipse\plugins\org.apache.ant_1.9.4.v201504302020\lib\ant-launcher.jar;C:\eclipse\eclipse\plugins\org.apache.ant_1.9.4.v201504302020\lib\ant.jar;C:\eclipse\eclipse\plugins\org.apache.ant_1.9.4.v201504302020\lib\ant-junit.jar;C:\eclipse\eclipse\plugins\org.apache.ant_1.9.4.v201504302020\lib\ant-junit4.jar" />
    <property name="ant.file.JUNIT" value="C:\Users\droukman\git\LeanFT_MC_CI_Demo\AOB_MC_Demo\build.xml" />
    <property name="java.vm.specification.version" value="1.7" />
    <property name="java.home" value="C:\Program Files\Java\jre7" />
    <property name="sun.java.command" value="org.apache.tools.ant.taskdefs.optional.junit.JUnitTestRunner aob.mc.demo.LeanFtTest skipNonTests=false filtertrace=true haltOnError=false haltOnFailure=true formatter=org.apache.tools.ant.taskdefs.optional.junit.SummaryJUnitResultFormatter showoutput=false outputtoformatters=true logfailedtests=true threadid=0 logtestlistenerevents=false formatter=org.apache.tools.ant.taskdefs.optional.junit.XMLJUnitResultFormatter,C:\Users\droukman\git\LeanFT_MC_CI_Demo\AOB_MC_Demo\RunResults\TEST-aob.mc.demo.LeanFtTest.xml crashfile=C:\Users\droukman\git\LeanFT_MC_CI_Demo\AOB_MC_Demo\junitvmwatcher230568189372318262.properties propsfile=C:\Users\droukman\git\LeanFT_MC_CI_Demo\AOB_MC_Demo\junit4276694307971552150.properties" />
    <property name="sun.arch.data.model" value="64" />
    <property name="java.specification.vendor" value="Oracle Corporation" />
    <property name="user.language" value="en" />
    <property name="awt.toolkit" value="sun.awt.windows.WToolkit" />
    <property name="java.vm.info" value="mixed mode" />
    <property name="java.version" value="1.7.0_79" />
    <property name="java.ext.dirs" value="C:\Program Files\Java\jre7\lib\ext;C:\Windows\Sun\Java\lib\ext" />
    <property name="sun.boot.class.path" value="C:\Program Files\Java\jre7\lib\resources.jar;C:\Program Files\Java\jre7\lib\rt.jar;C:\Program Files\Java\jre7\lib\sunrsasign.jar;C:\Program Files\Java\jre7\lib\jsse.jar;C:\Program Files\Java\jre7\lib\jce.jar;C:\Program Files\Java\jre7\lib\charsets.jar;C:\Program Files\Java\jre7\lib\jfr.jar;C:\Program Files\Java\jre7\classes;C:\Program Files (x86)\HP\Sprinter\bin\java_shared\classes;C:\Program Files (x86)\HP\Sprinter\bin\java_shared\classes\jasmine.jar" />
    <property name="java.vendor" value="Oracle Corporation" />
    <property name="file.separator" value="\" />
    <property name="src.dir" value="C:\Users\droukman\git\LeanFT_MC_CI_Demo\AOB_MC_Demo\src" />
    <property name="java.vendor.url.bug" value="http://bugreport.sun.com/bugreport/" />
    <property name="sun.cpu.endian" value="little" />
    <property name="sun.io.unicode.encoding" value="UnicodeLittle" />
    <property name="sun.desktop" value="windows" />
    <property name="sun.cpu.isalist" value="amd64" />
  </properties>
  <testcase classname="aob.mc.demo.LeanFtTest" name="login" time="17.576" />
  <testcase classname="aob.mc.demo.LeanFtTest" name="transfer" time="14.884" />
  <system-out><![CDATA[]]></system-out>
  <system-err><![CDATA[]]></system-err>
</testsuite>
